Quest{
	ID= '0'
	name= 'Slime Killer'
	description= 'You must kill 10 slimes'
}

Quest{
	ID= '1'
	name= 'The Woodcutter'
	description= 'Find and talk to Greyson, the woodcutter'
}

Quest{
	ID= '2'
	name= 'A New Axe'
	description= 'Search for the legendary axe for Greyson'
}

Quest{
	ID= '3'
	name= 'The Blacksmith'
	description= 'Find and talk to Clint, the blacksmith'
}

Quest{
	ID= '4'
	name= 'Hammer of Doom'
	description= 'Search for the legendary hammer for Clint'
}

Quest{
	ID= '11'
	name= 'Slime's Revenge'
	description= 'The slime Queen wants revenge for her minions'
}


